<?xml version="1.0" encoding="UTF-8"?>
<!-- Generated by org.testng.reporters.JUnitReportReporter -->
<testsuite hostname="AghilMaghil" failures="0" tests="1" name="caratlane.testScripts.SignUpTest" time="0.008" errors="0" timestamp="2023-11-22T21:14:02 IST" skipped="0">
  <testcase classname="caratlane.testScripts.SignUpTest" name="m1" time="0.008"/>
</testsuite> <!-- caratlane.testScripts.SignUpTest -->
