<?xml version="1.0" encoding="UTF-8"?>
<!-- Generated by org.testng.reporters.JUnitReportReporter -->
<testsuite hostname="AghilMaghil" failures="0" tests="1" name="RaahulShetty.DataProviderUtilities" time="0.000" errors="0" timestamp="2024-03-14T12:35:41 IST" skipped="1">
  <testcase classname="RaahulShetty.DataProviderUtilities" name="m1" time="0.000">
    <skipped/>
  </testcase> <!-- m1 -->
  <system-out/>
</testsuite> <!-- RaahulShetty.DataProviderUtilities -->
